# JRE version: OpenJDK Runtime Environment (8.0_121-b13) (build 1.8.0_121-8u121-b13-0ubuntu1.16.04.2-b13)
# Java VM: OpenJDK 64-Bit Server VM (25.121-b13 mixed mode linux-amd64 compressed oops)
Heap:
 PSYoungGen      total 567296K, used 0K [0x00000000d7100000, 0x0000000100000000, 0x0000000100000000)
  eden space 459776K, 0% used [0x00000000d7100000,0x00000000d7100000,0x00000000f3200000)
  from space 107520K, 0% used [0x00000000f9700000,0x00000000f9700000,0x0000000100000000)
  to   space 103424K, 0% used [0x00000000f3200000,0x00000000f3200000,0x00000000f9700000)
 ParOldGen       total 438784K, used 386421K [0x0000000085200000, 0x000000009fe80000, 0x00000000d7100000)
  object space 438784K, 88% used [0x0000000085200000,0x000000009cb5d520,0x000000009fe80000)
 Metaspace       used 11780K, capacity 11926K, committed 12160K, reserved 1060864K
  class space    used 1535K, capacity 1585K, committed 1664K, reserved 1048576K
GC Heap History (10 events):
Event: 12,330 GC heap after
Heap after GC invocations=13 (full 2):
 PSYoungGen      total 601600K, used 41624K [0x00000000d7100000, 0x0000000100000000, 0x0000000100000000)
  eden space 551936K, 0% used [0x00000000d7100000,0x00000000d7100000,0x00000000f8c00000)
  from space 49664K, 83% used [0x00000000f8c00000,0x00000000fb4a6118,0x00000000fbc80000)
  to   space 65024K, 0% used [0x00000000fc080000,0x00000000fc080000,0x0000000100000000)
 ParOldGen       total 267776K, used 155601K [0x0000000085200000, 0x0000000095780000, 0x00000000d7100000)
  object space 267776K, 58% used [0x0000000085200000,0x000000008e9f46d8,0x0000000095780000)
 Metaspace       used 11780K, capacity 11926K, committed 12160K, reserved 1060864K
  class space    used 1535K, capacity 1585K, committed 1664K, reserved 1048576K
}
Event: 13,437 GC heap before
{Heap before GC invocations=14 (full 2):
 PSYoungGen      total 601600K, used 593560K [0x00000000d7100000, 0x0000000100000000, 0x0000000100000000)
  eden space 551936K, 100% used [0x00000000d7100000,0x00000000f8c00000,0x00000000f8c00000)
  from space 49664K, 83% used [0x00000000f8c00000,0x00000000fb4a6118,0x00000000fbc80000)
  to   space 65024K, 0% used [0x00000000fc080000,0x00000000fc080000,0x0000000100000000)
 ParOldGen       total 267776K, used 155601K [0x0000000085200000, 0x0000000095780000, 0x00000000d7100000)
  object space 267776K, 58% used [0x0000000085200000,0x000000008e9f46d8,0x0000000095780000)
 Metaspace       used 11780K, capacity 11926K, committed 12160K, reserved 1060864K
  class space    used 1535K, capacity 1585K, committed 1664K, reserved 1048576K
Event: 16,398 GC heap after
Heap after GC invocations=14 (full 2):
 PSYoungGen      total 542208K, used 65013K [0x00000000d7100000, 0x0000000100000000, 0x0000000100000000)
  eden space 477184K, 0% used [0x00000000d7100000,0x00000000d7100000,0x00000000f4300000)
  from space 65024K, 99% used [0x00000000fc080000,0x00000000ffffd7a0,0x0000000100000000)
  to   space 96768K, 0% used [0x00000000f4300000,0x00000000f4300000,0x00000000fa180000)
 ParOldGen       total 267776K, used 212662K [0x0000000085200000, 0x0000000095780000, 0x00000000d7100000)
  object space 267776K, 79% used [0x0000000085200000,0x00000000921ad8a8,0x0000000095780000)
 Metaspace       used 11780K, capacity 11926K, committed 12160K, reserved 1060864K
  class space    used 1535K, capacity 1585K, committed 1664K, reserved 1048576K
}
Event: 17,472 GC heap before
{Heap before GC invocations=15 (full 2):
 PSYoungGen      total 542208K, used 542197K [0x00000000d7100000, 0x0000000100000000, 0x0000000100000000)
  eden space 477184K, 100% used [0x00000000d7100000,0x00000000f4300000,0x00000000f4300000)
  from space 65024K, 99% used [0x00000000fc080000,0x00000000ffffd7a0,0x0000000100000000)
  to   space 96768K, 0% used [0x00000000f4300000,0x00000000f4300000,0x00000000fa180000)
 ParOldGen       total 267776K, used 212662K [0x0000000085200000, 0x0000000095780000, 0x00000000d7100000)
  object space 267776K, 79% used [0x0000000085200000,0x00000000921ad8a8,0x0000000095780000)
 Metaspace       used 11780K, capacity 11926K, committed 12160K, reserved 1060864K
  class space    used 1535K, capacity 1585K, committed 1664K, reserved 1048576K
Event: 17,991 GC heap after
Heap after GC invocations=15 (full 2):
 PSYoungGen      total 560128K, used 82848K [0x00000000d7100000, 0x0000000100000000, 0x0000000100000000)
  eden space 477184K, 0% used [0x00000000d7100000,0x00000000d7100000,0x00000000f4300000)
  from space 82944K, 99% used [0x00000000f4300000,0x00000000f93e8368,0x00000000f9400000)
  to   space 107520K, 0% used [0x00000000f9700000,0x00000000f9700000,0x0000000100000000)
 ParOldGen       total 278016K, used 277586K [0x0000000085200000, 0x0000000096180000, 0x00000000d7100000)
  object space 278016K, 99% used [0x0000000085200000,0x0000000096114a58,0x0000000096180000)
 Metaspace       used 11780K, capacity 11926K, committed 12160K, reserved 1060864K
  class space    used 1535K, capacity 1585K, committed 1664K, reserved 1048576K
}
Event: 17,991 GC heap before
{Heap before GC invocations=16 (full 3):
 PSYoungGen      total 560128K, used 82848K [0x00000000d7100000, 0x0000000100000000, 0x0000000100000000)
  eden space 477184K, 0% used [0x00000000d7100000,0x00000000d7100000,0x00000000f4300000)
  from space 82944K, 99% used [0x00000000f4300000,0x00000000f93e8368,0x00000000f9400000)
  to   space 107520K, 0% used [0x00000000f9700000,0x00000000f9700000,0x0000000100000000)
 ParOldGen       total 278016K, used 277586K [0x0000000085200000, 0x0000000096180000, 0x00000000d7100000)
  object space 278016K, 99% used [0x0000000085200000,0x0000000096114a58,0x0000000096180000)
 Metaspace       used 11780K, capacity 11926K, committed 12160K, reserved 1060864K
  class space    used 1535K, capacity 1585K, committed 1664K, reserved 1048576K
Event: 21,299 GC heap after
Heap after GC invocations=16 (full 3):
 PSYoungGen      total 560128K, used 81667K [0x00000000d7100000, 0x0000000100000000, 0x0000000100000000)
  eden space 477184K, 0% used [0x00000000d7100000,0x00000000d7100000,0x00000000f4300000)
  from space 82944K, 98% used [0x00000000f4300000,0x00000000f92c0e80,0x00000000f9400000)
  to   space 107520K, 0% used [0x00000000f9700000,0x00000000f9700000,0x0000000100000000)
 ParOldGen       total 438784K, used 277817K [0x0000000085200000, 0x000000009fe80000, 0x00000000d7100000)
  object space 438784K, 63% used [0x0000000085200000,0x000000009614e7a0,0x000000009fe80000)
 Metaspace       used 11780K, capacity 11926K, committed 12160K, reserved 1060864K
  class space    used 1535K, capacity 1585K, committed 1664K, reserved 1048576K
}
Event: 23,090 GC heap before
{Heap before GC invocations=17 (full 3):
 PSYoungGen      total 560128K, used 558851K [0x00000000d7100000, 0x0000000100000000, 0x0000000100000000)
  eden space 477184K, 100% used [0x00000000d7100000,0x00000000f4300000,0x00000000f4300000)
  from space 82944K, 98% used [0x00000000f4300000,0x00000000f92c0e80,0x00000000f9400000)
  to   space 107520K, 0% used [0x00000000f9700000,0x00000000f9700000,0x0000000100000000)
 ParOldGen       total 438784K, used 277817K [0x0000000085200000, 0x000000009fe80000, 0x00000000d7100000)
  object space 438784K, 63% used [0x0000000085200000,0x000000009614e7a0,0x000000009fe80000)
 Metaspace       used 11780K, capacity 11926K, committed 12160K, reserved 1060864K
  class space    used 1535K, capacity 1585K, committed 1664K, reserved 1048576K
Event: 27,960 GC heap after
Heap after GC invocations=17 (full 3):
 PSYoungGen      total 567296K, used 27136K [0x00000000d7100000, 0x0000000100000000, 0x0000000100000000)
  eden space 459776K, 0% used [0x00000000d7100000,0x00000000d7100000,0x00000000f3200000)
  from space 107520K, 25% used [0x00000000f9700000,0x00000000fb180000,0x0000000100000000)
  to   space 103424K, 0% used [0x00000000f3200000,0x00000000f3200000,0x00000000f9700000)
 ParOldGen       total 438784K, used 359850K [0x0000000085200000, 0x000000009fe80000, 0x00000000d7100000)
  object space 438784K, 82% used [0x0000000085200000,0x000000009b16ab08,0x000000009fe80000)
 Metaspace       used 11780K, capacity 11926K, committed 12160K, reserved 1060864K
  class space    used 1535K, capacity 1585K, committed 1664K, reserved 1048576K
}
Event: 27,960 GC heap before
{Heap before GC invocations=18 (full 4):
 PSYoungGen      total 567296K, used 27136K [0x00000000d7100000, 0x0000000100000000, 0x0000000100000000)
  eden space 459776K, 0% used [0x00000000d7100000,0x00000000d7100000,0x00000000f3200000)
  from space 107520K, 25% used [0x00000000f9700000,0x00000000fb180000,0x0000000100000000)
  to   space 103424K, 0% used [0x00000000f3200000,0x00000000f3200000,0x00000000f9700000)
 ParOldGen       total 438784K, used 359850K [0x0000000085200000, 0x000000009fe80000, 0x00000000d7100000)
  object space 438784K, 82% used [0x0000000085200000,0x000000009b16ab08,0x000000009fe80000)
 Metaspace       used 11780K, capacity 11926K, committed 12160K, reserved 1060864K
  class space    used 1535K, capacity 1585K, committed 1664K, reserved 1048576K

